<?xml version="1.0" encoding="UTF-8"?>
<testng-results total="3" passed="3" failed="0" skipped="0">
  <reporter-output>
  </reporter-output>
  <suite started-at="2023-09-08T18:27:21Z" name="Suite" finished-at="2023-09-08T18:28:55Z" duration-ms="93599">
    <groups>
    </groups>
    <test started-at="2023-09-08T18:27:21Z" name="Test" finished-at="2023-09-08T18:28:55Z" duration-ms="93599">
      <class name="cheking.class3">
        <test-method signature="case1()[pri:0, instance:cheking.class3@571c5681]" started-at="2023-09-08T23:58:31Z" name="case1" finished-at="2023-09-08T23:58:55Z" duration-ms="23338" status="PASS">
          <reporter-output>
          </reporter-output>
        </test-method> <!-- case1 -->
      </class> <!-- cheking.class3 -->
      <class name="cheking.case2">
        <test-method signature="case1()[pri:0, instance:cheking.case2@6d07a63d]" started-at="2023-09-08T23:57:50Z" name="case1" finished-at="2023-09-08T23:58:31Z" duration-ms="41588" status="PASS">
          <reporter-output>
          </reporter-output>
        </test-method> <!-- case1 -->
      </class> <!-- cheking.case2 -->
      <class name="cheking.case1">
        <test-method signature="case1()[pri:0, instance:cheking.case1@7b8b43c7]" started-at="2023-09-08T23:57:21Z" name="case1" finished-at="2023-09-08T23:57:50Z" duration-ms="28656" status="PASS">
          <reporter-output>
          </reporter-output>
        </test-method> <!-- case1 -->
      </class> <!-- cheking.case1 -->
    </test> <!-- Test -->
  </suite> <!-- Suite -->
</testng-results>
