<?xml version="1.0" encoding="UTF-8"?>
<testng-results ignored="0" total="3" passed="3" failed="0" skipped="0">
  <reporter-output>
  </reporter-output>
  <suite started-at="2023-09-09T00:52:43 IST" name="Suite" finished-at="2023-09-09T00:53:04 IST" duration-ms="21432">
    <groups>
    </groups>
    <test started-at="2023-09-09T00:52:43 IST" name="Test" finished-at="2023-09-09T00:53:04 IST" duration-ms="21432">
      <class name="team.case1">
        <test-method signature="testng()[pri:0, instance:team.case1@534a5a98]" started-at="2023-09-09T00:52:43 IST" name="testng" finished-at="2023-09-09T00:52:50 IST" duration-ms="7132" status="PASS">
          <reporter-output>
          </reporter-output>
        </test-method> <!-- testng -->
      </class> <!-- team.case1 -->
      <class name="team.case2">
        <test-method signature="case1()[pri:0, instance:team.case2@18df8434]" started-at="2023-09-09T00:52:50 IST" name="case1" finished-at="2023-09-09T00:52:57 IST" duration-ms="7113" status="PASS">
          <reporter-output>
          </reporter-output>
        </test-method> <!-- case1 -->
      </class> <!-- team.case2 -->
      <class name="team.class3">
        <test-method signature="case1()[pri:0, instance:team.class3@65c7a252]" started-at="2023-09-09T00:52:57 IST" name="case1" finished-at="2023-09-09T00:53:04 IST" duration-ms="7155" status="PASS">
          <reporter-output>
          </reporter-output>
        </test-method> <!-- case1 -->
      </class> <!-- team.class3 -->
    </test> <!-- Test -->
  </suite> <!-- Suite -->
</testng-results>
